{"/Users/raylin/Documents/hackreactor2019/project/src/App.jsx": {"path":"/Users/raylin/Documents/hackreactor2019/project/src/App.jsx","statementMap":{"0":{"start":{"line":12,"column":8},"end":{"line":12,"column":21}},"1":{"start":{"line":13,"column":8},"end":{"line":15,"column":9}},"2":{"start":{"line":31,"column":28},"end":{"line":31,"column":64}},"3":{"start":{"line":32,"column":28},"end":{"line":32,"column":81}},"4":{"start":{"line":33,"column":29},"end":{"line":33,"column":65}},"5":{"start":{"line":34,"column":28},"end":{"line":34,"column":56}},"6":{"start":{"line":36,"column":8},"end":{"line":47,"column":9}}},"fnMap":{"0":{"name":"(anonymous_0)","decl":{"start":{"line":11,"column":4},"end":{"line":11,"column":5}},"loc":{"start":{"line":11,"column":23},"end":{"line":16,"column":5}},"line":11},"1":{"name":"(anonymous_1)","decl":{"start":{"line":30,"column":4},"end":{"line":30,"column":5}},"loc":{"start":{"line":30,"column":13},"end":{"line":48,"column":5}},"line":30}},"branchMap":{},"s":{"0":0,"1":0,"2":0,"3":0,"4":0,"5":0,"6":0},"f":{"0":0,"1":0},"b":{}}
,"/Users/raylin/Documents/hackreactor2019/project/src/index.jsx": {"path":"/Users/raylin/Documents/hackreactor2019/project/src/index.jsx","statementMap":{"0":{"start":{"line":6,"column":0},"end":{"line":6,"column":56}}},"fnMap":{},"branchMap":{},"s":{"0":0},"f":{},"b":{}}
,"/Users/raylin/Documents/hackreactor2019/project/src/components/AboutProduct.jsx": {"path":"/Users/raylin/Documents/hackreactor2019/project/src/components/AboutProduct.jsx","statementMap":{"0":{"start":{"line":4,"column":21},"end":{"line":9,"column":1}},"1":{"start":{"line":5,"column":4},"end":{"line":8,"column":10}}},"fnMap":{"0":{"name":"(anonymous_0)","decl":{"start":{"line":4,"column":21},"end":{"line":4,"column":22}},"loc":{"start":{"line":5,"column":4},"end":{"line":8,"column":10}},"line":5}},"branchMap":{},"s":{"0":0,"1":0},"f":{"0":0},"b":{}}
,"/Users/raylin/Documents/hackreactor2019/project/src/components/PicCarousel.jsx": {"path":"/Users/raylin/Documents/hackreactor2019/project/src/components/PicCarousel.jsx","statementMap":{"0":{"start":{"line":7,"column":8},"end":{"line":7,"column":21}},"1":{"start":{"line":8,"column":8},"end":{"line":11,"column":10}},"2":{"start":{"line":12,"column":8},"end":{"line":12,"column":63}},"3":{"start":{"line":13,"column":8},"end":{"line":13,"column":71}},"4":{"start":{"line":19,"column":8},"end":{"line":21,"column":10}},"5":{"start":{"line":28,"column":8},"end":{"line":32,"column":9}},"6":{"start":{"line":29,"column":12},"end":{"line":29,"column":72}},"7":{"start":{"line":31,"column":12},"end":{"line":31,"column":69}},"8":{"start":{"line":40,"column":8},"end":{"line":67,"column":9}},"9":{"start":{"line":48,"column":32},"end":{"line":61,"column":40}},"10":{"start":{"line":55,"column":40},"end":{"line":55,"column":68}},"11":{"start":{"line":56,"column":40},"end":{"line":56,"column":72}},"12":{"start":{"line":59,"column":40},"end":{"line":59,"column":60}},"13":{"start":{"line":60,"column":40},"end":{"line":60,"column":71}}},"fnMap":{"0":{"name":"(anonymous_0)","decl":{"start":{"line":6,"column":4},"end":{"line":6,"column":5}},"loc":{"start":{"line":6,"column":23},"end":{"line":14,"column":5}},"line":6},"1":{"name":"(anonymous_1)","decl":{"start":{"line":16,"column":4},"end":{"line":16,"column":5}},"loc":{"start":{"line":16,"column":27},"end":{"line":22,"column":5}},"line":16},"2":{"name":"(anonymous_2)","decl":{"start":{"line":24,"column":4},"end":{"line":24,"column":5}},"loc":{"start":{"line":24,"column":31},"end":{"line":34,"column":5}},"line":24},"3":{"name":"(anonymous_3)","decl":{"start":{"line":39,"column":4},"end":{"line":39,"column":5}},"loc":{"start":{"line":39,"column":14},"end":{"line":68,"column":5}},"line":39},"4":{"name":"(anonymous_4)","decl":{"start":{"line":47,"column":49},"end":{"line":47,"column":50}},"loc":{"start":{"line":48,"column":32},"end":{"line":61,"column":40}},"line":48},"5":{"name":"(anonymous_5)","decl":{"start":{"line":54,"column":49},"end":{"line":54,"column":50}},"loc":{"start":{"line":54,"column":58},"end":{"line":57,"column":37}},"line":54},"6":{"name":"(anonymous_6)","decl":{"start":{"line":58,"column":50},"end":{"line":58,"column":51}},"loc":{"start":{"line":58,"column":59},"end":{"line":61,"column":37}},"line":58}},"branchMap":{"0":{"loc":{"start":{"line":28,"column":8},"end":{"line":32,"column":9}},"type":"if","locations":[{"start":{"line":28,"column":8},"end":{"line":32,"column":9}},{"start":{"line":28,"column":8},"end":{"line":32,"column":9}}],"line":28}},"s":{"0":0,"1":0,"2":0,"3":0,"4":0,"5":0,"6":0,"7":0,"8":0,"9":0,"10":0,"11":0,"12":0,"13":0},"f":{"0":0,"1":0,"2":0,"3":0,"4":0,"5":0,"6":0},"b":{"0":[0,0]}}
,"/Users/raylin/Documents/hackreactor2019/project/src/components/PicView.jsx": {"path":"/Users/raylin/Documents/hackreactor2019/project/src/components/PicView.jsx","statementMap":{"0":{"start":{"line":4,"column":16},"end":{"line":9,"column":1}},"1":{"start":{"line":5,"column":8},"end":{"line":8,"column":14}}},"fnMap":{"0":{"name":"(anonymous_0)","decl":{"start":{"line":4,"column":16},"end":{"line":4,"column":17}},"loc":{"start":{"line":5,"column":8},"end":{"line":8,"column":14}},"line":5}},"branchMap":{},"s":{"0":0,"1":0},"f":{"0":0},"b":{}}
,"/Users/raylin/Documents/hackreactor2019/project/src/components/StDescript.jsx": {"path":"/Users/raylin/Documents/hackreactor2019/project/src/components/StDescript.jsx","statementMap":{"0":{"start":{"line":4,"column":19},"end":{"line":11,"column":1}},"1":{"start":{"line":5,"column":4},"end":{"line":10,"column":10}},"2":{"start":{"line":8,"column":45},"end":{"line":8,"column":126}}},"fnMap":{"0":{"name":"(anonymous_0)","decl":{"start":{"line":4,"column":19},"end":{"line":4,"column":20}},"loc":{"start":{"line":5,"column":4},"end":{"line":10,"column":10}},"line":5},"1":{"name":"(anonymous_1)","decl":{"start":{"line":8,"column":29},"end":{"line":8,"column":30}},"loc":{"start":{"line":8,"column":45},"end":{"line":8,"column":126}},"line":8}},"branchMap":{},"s":{"0":1,"1":3,"2":7},"f":{"0":3,"1":7},"b":{},"_coverageSchema":"43e27e138ebf9cfc5966b082cf9a028302ed4184","hash":"76a26637079dc91e9c1a8a4a770c7125653d2001"}
}
