TN:
SF:/Users/raylin/Documents/hackreactor2019/project/src/App.jsx
FN:11,(anonymous_0)
FN:30,(anonymous_1)
FNF:2
FNH:0
FNDA:0,(anonymous_0)
FNDA:0,(anonymous_1)
DA:12,0
DA:13,0
DA:31,0
DA:32,0
DA:33,0
DA:34,0
DA:36,0
LF:7
LH:0
BRF:0
BRH:0
end_of_record
TN:
SF:/Users/raylin/Documents/hackreactor2019/project/src/index.jsx
FNF:0
FNH:0
DA:6,0
LF:1
LH:0
BRF:0
BRH:0
end_of_record
TN:
SF:/Users/raylin/Documents/hackreactor2019/project/src/components/AboutProduct.jsx
FN:4,(anonymous_0)
FNF:1
FNH:0
FNDA:0,(anonymous_0)
DA:4,0
DA:5,0
LF:2
LH:0
BRF:0
BRH:0
end_of_record
TN:
SF:/Users/raylin/Documents/hackreactor2019/project/src/components/PicCarousel.jsx
FN:6,(anonymous_0)
FN:16,(anonymous_1)
FN:24,(anonymous_2)
FN:39,(anonymous_3)
FN:47,(anonymous_4)
FN:54,(anonymous_5)
FN:58,(anonymous_6)
FNF:7
FNH:0
FNDA:0,(anonymous_0)
FNDA:0,(anonymous_1)
FNDA:0,(anonymous_2)
FNDA:0,(anonymous_3)
FNDA:0,(anonymous_4)
FNDA:0,(anonymous_5)
FNDA:0,(anonymous_6)
DA:7,0
DA:8,0
DA:12,0
DA:13,0
DA:19,0
DA:28,0
DA:29,0
DA:31,0
DA:40,0
DA:48,0
DA:55,0
DA:56,0
DA:59,0
DA:60,0
LF:14
LH:0
BRDA:28,0,0,0
BRDA:28,0,1,0
BRF:2
BRH:0
end_of_record
TN:
SF:/Users/raylin/Documents/hackreactor2019/project/src/components/PicView.jsx
FN:4,(anonymous_0)
FNF:1
FNH:0
FNDA:0,(anonymous_0)
DA:4,0
DA:5,0
LF:2
LH:0
BRF:0
BRH:0
end_of_record
TN:
SF:/Users/raylin/Documents/hackreactor2019/project/src/components/StDescript.jsx
FN:4,(anonymous_0)
FN:8,(anonymous_1)
FNF:2
FNH:2
FNDA:3,(anonymous_0)
FNDA:7,(anonymous_1)
DA:4,1
DA:5,3
DA:8,7
LF:3
LH:3
BRF:0
BRH:0
end_of_record
